nohup: ignoring input
Forwarding from 0.0.0.0:8080 -> 8080
Handling connection for 8080
Handling connection for 8080
Handling connection for 8080
Handling connection for 8080
Handling connection for 8080
Handling connection for 8080
Handling connection for 8080
Handling connection for 8080
Handling connection for 8080
Handling connection for 8080
Handling connection for 8080
Handling connection for 8080
Handling connection for 8080
Handling connection for 8080
Handling connection for 8080
E0818 13:00:10.916109  765384 portforward.go:424] "Unhandled Error" err="an error occurred forwarding 8080 -> 8080: error forwarding port 8080 to pod dfbea540d0928b49f5741b751e3824ac737eed74278c4786c268351441d16eea, uid : failed to find sandbox \"dfbea540d0928b49f5741b751e3824ac737eed74278c4786c268351441d16eea\" in store: not found"
E0818 13:00:10.916996  765384 portforward.go:424] "Unhandled Error" err="an error occurred forwarding 8080 -> 8080: error forwarding port 8080 to pod dfbea540d0928b49f5741b751e3824ac737eed74278c4786c268351441d16eea, uid : failed to find sandbox \"dfbea540d0928b49f5741b751e3824ac737eed74278c4786c268351441d16eea\" in store: not found"
error: lost connection to pod
